
ROM used: 2054 (4%)
          2054 (4%) including unused fragments

          0 Average locations per line
          2 Average locations per statement

RAM used: 49 (1%) at main() level
          68 (2%) worst case

Stack used: 5 worst case (out of 30 total available)

Lines Stmts  %   Files
----- ----- ---  -----
  146   168  19  main.c
   88     0   0  main.h
  418     0   0  ..\..\PROGRAM FILES\MICROCHIP\THIRD PARTY\PICC\devices\18F2525.h
 2220   257  28  ..\..\PROGRAM FILES\MICROCHIP\THIRD PARTY\PICC\drivers\math.h
 1273   359  40  ..\..\PROGRAM FILES\MICROCHIP\THIRD PARTY\PICC\drivers\stdlib.h
   32     0   0  ..\..\PROGRAM FILES\MICROCHIP\THIRD PARTY\PICC\drivers\stddef.h
  409   121  13  ..\..\PROGRAM FILES\MICROCHIP\THIRD PARTY\PICC\drivers\string.h
   28     0   0  ..\..\PROGRAM FILES\MICROCHIP\THIRD PARTY\PICC\drivers\ctype.h
----- -----
 4614   905 Total

Page ROM  %  RAM   Vol Diff  Functions:
---- --- --- ---   --- ----  ----------
0     68   2   5             @DIV1616
0     38   1   1             @delay_ms1
0    272   7   0             @const459
0    272   7   0             @const461
0     68   2   2   134  3.0  TIMER1_isr
0     42   1   3             @DIV88
0     60   1   1   298  3.2  displaysec
0    196   5   1  1455  3.4  display
0     46   1   0             @goto11660
0    196   5   2   781  3.8  displayebas
0     30   1   1             @SPRINTF
0    178   4   9             @PRINTF_LU_487
0    128   3   1   877  3.4  ledyak
0     42   1   0             @goto11717
0    248   6   1  1361  7.8  MAIN

Program metrics:
    Functions               6
    Statements              905
    Comments                1126
    Volume (V)              6779
    Difficilty (D)          24.4
    Effort to implement (E) 165333
    Time to implement (T)   2 hours, 33 minutes
    Est Delivered Bugs (B)  1
    Cyclomatic Complexity   35
    Maintainability (MI)    87

 Segment     Used  Free
-----------  ----  ----
00000-00002     4  0  
00004-00006     0  4  
00008-000AC   166  0  
000AE-0BCBE  1884  46262  



